<?xml version="1.0" encoding="UTF-8"?>
<testng-results skipped="0" failed="0" ignored="0" total="2" passed="2">
  <reporter-output>
  </reporter-output>
  <suite name="Default suite" duration-ms="5442" started-at="2018-09-25T15:43:49Z" finished-at="2018-09-25T15:43:54Z">
    <groups>
    </groups>
    <test name="Default test" duration-ms="5442" started-at="2018-09-25T15:43:49Z" finished-at="2018-09-25T15:43:54Z">
      <class name="tests.LoginpageTest">
        <test-method status="PASS" signature="Flights_Click()[pri:0, instance:tests.LoginpageTest@29ee9faa]" name="Flights_Click" duration-ms="11" started-at="2018-09-25T15:43:49Z" finished-at="2018-09-25T15:43:49Z">
          <reporter-output>
          </reporter-output>
        </test-method> <!-- Flights_Click -->
        <test-method status="PASS" signature="Launch()[pri:0, instance:tests.LoginpageTest@29ee9faa]" name="Launch" duration-ms="5403" started-at="2018-09-25T15:43:49Z" finished-at="2018-09-25T15:43:54Z">
          <reporter-output>
          </reporter-output>
        </test-method> <!-- Launch -->
      </class> <!-- tests.LoginpageTest -->
    </test> <!-- Default test -->
  </suite> <!-- Default suite -->
</testng-results>
